
> tt-marketing-web@0.1.0 build
> next build

Γû▓ Next.js 16.1.6 (Turbopack)

  Creating an optimized production build ...
Γ£ô Compiled successfully in 2.8s
  Running TypeScript ...
  Collecting page data using 7 workers ...
  Generating static pages using 7 workers (0/26) ...
  Generating static pages using 7 workers (6/26) 
  Generating static pages using 7 workers (12/26) 
node.exe : Γ¿» useSearchParams() should be wrapped in a suspense 
boundary at page "/products". Read more: 
https://nextjs.org/docs/messages/missing-suspense-with-csr-bailout
At line:1 char:1
+ & "C:\Program Files\nodejs/node.exe" "C:\Program Files\nodejs/node_mo 
...
+ ~~~~~~~~~~~~~~~~~~~~~~~~~~~~~~~~~~~~~~~~~~~~~~~~~~~~~~~~~~~~~~~~~~~~~
    + CategoryInfo          : NotSpecified: (Γ¿» useSearchPa...ith-csr- 
   bailout:String) [], RemoteException
    + FullyQualifiedErrorId : NativeCommandError
 
    at Q (C:\Users\rauna\OneDrive\Desktop\OM MARKETING SLUTIONS\TT Marke
ting\tt-marketing-web\.next\server\chunks\ssr\_575a5a16._.js:2:2111)
    at o (C:\Users\rauna\OneDrive\Desktop\OM MARKETING SLUTIONS\TT Marke
ting\tt-marketing-web\.next\server\chunks\ssr\_575a5a16._.js:4:5284)
    at l (C:\Users\rauna\OneDrive\Desktop\OM MARKETING SLUTIONS\TT Marke
ting\tt-marketing-web\.next\server\chunks\ssr\_575a5a16._.js:4:6785)
    at an (C:\Users\rauna\OneDrive\Desktop\OM MARKETING SLUTIONS\TT Mark
eting\tt-marketing-web\node_modules\next\dist\compiled\next-server\app-p
age-turbo.runtime.prod.js:2:84360)
    at ai (C:\Users\rauna\OneDrive\Desktop\OM MARKETING SLUTIONS\TT Mark
eting\tt-marketing-web\node_modules\next\dist\compiled\next-server\app-p
age-turbo.runtime.prod.js:2:86179)
    at al (C:\Users\rauna\OneDrive\Desktop\OM MARKETING SLUTIONS\TT Mark
eting\tt-marketing-web\node_modules\next\dist\compiled\next-server\app-p
age-turbo.runtime.prod.js:2:107953)
    at as (C:\Users\rauna\OneDrive\Desktop\OM MARKETING SLUTIONS\TT Mark
eting\tt-marketing-web\node_modules\next\dist\compiled\next-server\app-p
age-turbo.runtime.prod.js:2:105368)
    at aa (C:\Users\rauna\OneDrive\Desktop\OM MARKETING SLUTIONS\TT Mark
eting\tt-marketing-web\node_modules\next\dist\compiled\next-server\app-p
age-turbo.runtime.prod.js:2:84712)
    at ai (C:\Users\rauna\OneDrive\Desktop\OM MARKETING SLUTIONS\TT Mark
eting\tt-marketing-web\node_modules\next\dist\compiled\next-server\app-p
age-turbo.runtime.prod.js:2:86228)
    at ai (C:\Users\rauna\OneDrive\Desktop\OM MARKETING SLUTIONS\TT Mark
eting\tt-marketing-web\node_modules\next\dist\compiled\next-server\app-p
age-turbo.runtime.prod.js:2:104708)
Error occurred prerendering page "/products". Read more: 
https://nextjs.org/docs/messages/prerender-error
Export encountered an error on /products/page: /products, exiting the 
build.
Γ¿» Next.js build worker exited with code: 1 and signal: null
